
    
<-<-<================================================================================>->->
    Logging by leekslazylogger v3.0.2 by eartharoid (leeks.js.org/logger)
    Discord Tickets by Manu (Node v18.13.0 on 'Windows')
    Tuesday, 17th January 2023, 01:31 AM (America/Panama) -->
    Time format: 'YYYY-MM-DD HH:mm:ss'
<-<-<================================================================================>->->


2023-01-17 01:31:19 [INFO] Using SQLite storage
2023-01-17 01:31:19 [SUCCESS] Connected to database successfully
2023-01-17 01:31:20 [INFO] Connecting to Discord API...
2023-01-17 01:31:21 [SUCCESS] Connected to Discord as "TaraTicket#1880"
2023-01-17 01:31:21 [INFO] Loading commands
2023-01-17 01:31:21 [INFO] (COMMANDS) Loaded "add" command
2023-01-17 01:31:22 [INFO] (COMMANDS) Loaded "blacklist" command
2023-01-17 01:31:22 [INFO] (COMMANDS) Loaded "close" command
2023-01-17 01:31:22 [INFO] (COMMANDS) Loaded "help" command
2023-01-17 01:31:22 [INFO] (COMMANDS) Loaded "new" command
2023-01-17 01:31:22 [INFO] (COMMANDS) Loaded "panel" command
2023-01-17 01:31:22 [INFO] (COMMANDS) Loaded "remove" command
2023-01-17 01:31:22 [INFO] (COMMANDS) Loaded "settings" command
2023-01-17 01:31:22 [INFO] (COMMANDS) Loaded "stats" command
2023-01-17 01:31:22 [INFO] (COMMANDS) Loaded "survey" command
2023-01-17 01:31:22 [INFO] (COMMANDS) Loaded "tag" command
2023-01-17 01:31:22 [INFO] (COMMANDS) Loaded "topic" command
2023-01-17 01:31:24 [SUCCESS] Published 12 commands to "✧El Culto De Yoda✧"
2023-01-17 01:33:03 [INFO] (COMMANDS) Executing "settings" command (invoked by Manu.#1917)
2023-01-17 01:33:46 [INFO] (COMMANDS) Executing "settings" command (invoked by Manu.#1917)
2023-01-17 01:35:20 [INFO] (COMMANDS) Executing "new" command (invoked by Manu.#1917)
2023-01-17 01:35:20 [INFO] Manu.#1917 created a new ticket in "✧El Culto De Yoda✧"
2023-01-17 01:35:43 [INFO] (COMMANDS) Executing "close" command (invoked by Manu.#1917)
2023-01-17 01:35:48 [INFO] Manu.#1917 closed a ticket (1064795039995277322)
2023-01-17 01:37:57 [INFO] Closed 0 ticket(s) belonging to Ticket Tool#4843 who left "✧El Culto De Yoda✧"

    
<-<-<================================================================================>->->
    Logging by leekslazylogger v3.0.2 by eartharoid (leeks.js.org/logger)
    Discord Tickets by Manu (Node v18.13.0 on 'Windows')
    Tuesday, 17th January 2023, 18:03 PM (America/Panama) -->
    Time format: 'YYYY-MM-DD HH:mm:ss'
<-<-<================================================================================>->->


2023-01-17 18:03:28 [INFO] Using SQLite storage
2023-01-17 18:03:30 [SUCCESS] Connected to database successfully
2023-01-17 18:03:30 [INFO] Connecting to Discord API...
2023-01-17 18:03:31 [SUCCESS] Connected to Discord as "TaraTicket#1880"
2023-01-17 18:03:31 [INFO] Loading commands
2023-01-17 18:03:31 [INFO] (COMMANDS) Loaded "add" command
2023-01-17 18:03:31 [INFO] (COMMANDS) Loaded "blacklist" command
2023-01-17 18:03:31 [INFO] (COMMANDS) Loaded "close" command
2023-01-17 18:03:31 [INFO] (COMMANDS) Loaded "help" command
2023-01-17 18:03:31 [INFO] (COMMANDS) Loaded "new" command
2023-01-17 18:03:31 [INFO] (COMMANDS) Loaded "panel" command
2023-01-17 18:03:31 [INFO] (COMMANDS) Loaded "remove" command
2023-01-17 18:03:31 [INFO] (COMMANDS) Loaded "settings" command
2023-01-17 18:03:32 [INFO] (COMMANDS) Loaded "stats" command
2023-01-17 18:03:32 [INFO] (COMMANDS) Loaded "survey" command
2023-01-17 18:03:32 [INFO] (COMMANDS) Loaded "tag" command
2023-01-17 18:03:32 [INFO] (COMMANDS) Loaded "topic" command
2023-01-17 18:03:32 [SUCCESS] Published 12 commands to "✧El Culto De Yoda✧"
2023-01-17 18:06:15 [INFO] (COMMANDS) Executing "panel" command (invoked by Manu.#1917)
2023-01-17 18:06:19 [INFO] Manu.#1917 has created a new button panel
2023-01-17 18:07:14 [INFO] Manu.#1917 created a new ticket in "✧El Culto De Yoda✧"
2023-01-17 18:07:44 [INFO] (COMMANDS) Executing "close" command (invoked by Manu.#1917)
2023-01-17 18:07:48 [INFO] Manu.#1917 closed a ticket (1065044659115667516)
2023-01-17 18:10:02 [INFO] El Plátano ♡#0871 created a new ticket in "✧El Culto De Yoda✧"
2023-01-17 18:10:29 [INFO] (COMMANDS) Executing "close" command (invoked by El Plátano ♡#0871)
2023-01-17 18:10:34 [INFO] El Plátano ♡#0871 closed a ticket (1065045361225388206): "Me lo dijo mamu"
2023-01-17 18:13:32 [INFO] (COMMANDS) Executing "new" command (invoked by Manu.#1917)
2023-01-17 18:13:33 [INFO] Manu.#1917 created a new ticket in "✧El Culto De Yoda✧"
2023-01-17 18:13:36 [INFO] (COMMANDS) Executing "new" command (invoked by El Plátano ♡#0871)
2023-01-17 18:13:37 [INFO] El Plátano ♡#0871 created a new ticket in "✧El Culto De Yoda✧"
2023-01-17 18:14:01 [INFO] (COMMANDS) Executing "close" command (invoked by Manu.#1917)
2023-01-17 18:14:05 [INFO] Manu.#1917 closed a ticket (1065046245590179851)
2023-01-17 18:14:27 [INFO] (COMMANDS) Executing "close" command (invoked by El Plátano ♡#0871)
2023-01-17 18:14:30 [INFO] El Plátano ♡#0871 closed a ticket (1065046263311114320)
