
    
<-<-<================================================================================>->->
    Logging by leekslazylogger v3.0.2 by eartharoid (leeks.js.org/logger)
    Discord Tickets by Manu (Node v18.13.0 on 'Windows')
    Tuesday, 17th January 2023, 01:31 AM (America/Panama) -->
    Time format: 'YYYY-MM-DD HH:mm:ss'
<-<-<================================================================================>->->


2023-01-17 01:31:19 [WARN] Message logging is disabled due to insufficient database
2023-01-17 01:35:47 [WARN] Failed to update message author entity in ticket archive
2023-01-17 01:35:47 [ERROR] Error
    at Database.<anonymous> (C:\Users\Manuel\Downloads\main\node_modules\sequelize\lib\dialects\sqlite\query.js:185:27)
    at C:\Users\Manuel\Downloads\main\node_modules\sequelize\lib\dialects\sqlite\query.js:183:50
    at new Promise (<anonymous>)
    at Query.run (C:\Users\Manuel\Downloads\main\node_modules\sequelize\lib\dialects\sqlite\query.js:183:12)
    at C:\Users\Manuel\Downloads\main\node_modules\sequelize\lib\sequelize.js:314:28
    at async SQLiteQueryInterface.insert (C:\Users\Manuel\Downloads\main\node_modules\sequelize\lib\dialects\abstract\query-interface.js:308:21)
    at async model.save (C:\Users\Manuel\Downloads\main\node_modules\sequelize\lib\model.js:2432:35)
    at async UserEntity.create (C:\Users\Manuel\Downloads\main\node_modules\sequelize\lib\model.js:1344:12)
    at async UserEntity.findOrCreate (C:\Users\Manuel\Downloads\main\node_modules\sequelize\lib\model.js:1404:25)
    at async TicketArchives.updateMember (C:\Users\Manuel\Downloads\main\src\modules\tickets\archives.js:127:20)

    
<-<-<================================================================================>->->
    Logging by leekslazylogger v3.0.2 by eartharoid (leeks.js.org/logger)
    Discord Tickets by Manu (Node v18.13.0 on 'Windows')
    Tuesday, 17th January 2023, 18:03 PM (America/Panama) -->
    Time format: 'YYYY-MM-DD HH:mm:ss'
<-<-<================================================================================>->->


2023-01-17 18:03:29 [WARN] Message logging is disabled due to insufficient database
2023-01-17 18:06:19 [NOTICE] PLEASE INCLUDE THIS INFORMATION IF YOU ASK FOR HELP ABOUT THE FOLLOWING ERROR:
2023-01-17 18:06:19 [NOTICE] Discord Tickets v3.1.3, Node v18.13.0 on win32
2023-01-17 18:06:19 [WARN] An error was not caught
2023-01-17 18:06:19 [WARN] Uncaught DiscordAPIError
2023-01-17 18:06:19 [ERROR] DiscordAPIError: Unknown interaction
    at RequestHandler.execute (C:\Users\Manuel\Downloads\main\node_modules\discord.js\src\rest\RequestHandler.js:350:13)
    at process.processTicksAndRejections (node:internal/process/task_queues:95:5)
    at async RequestHandler.push (C:\Users\Manuel\Downloads\main\node_modules\discord.js\src\rest\RequestHandler.js:51:14)
    at async CommandInteraction.reply (C:\Users\Manuel\Downloads\main\node_modules\discord.js\src\structures\interfaces\InteractionResponses.js:103:5)
2023-01-17 18:07:20 [NOTICE] PLEASE INCLUDE THIS INFORMATION IF YOU ASK FOR HELP ABOUT THE FOLLOWING ERROR:
2023-01-17 18:07:20 [NOTICE] Discord Tickets v3.1.3, Node v18.13.0 on win32
2023-01-17 18:07:20 [WARN] An error was not caught
2023-01-17 18:07:20 [WARN] Uncaught DiscordAPIError
2023-01-17 18:07:20 [ERROR] DiscordAPIError: Unknown interaction
    at RequestHandler.execute (C:\Users\Manuel\Downloads\main\node_modules\discord.js\src\rest\RequestHandler.js:350:13)
    at process.processTicksAndRejections (node:internal/process/task_queues:95:5)
    at async RequestHandler.push (C:\Users\Manuel\Downloads\main\node_modules\discord.js\src\rest\RequestHandler.js:51:14)
    at async ButtonInteraction.reply (C:\Users\Manuel\Downloads\main\node_modules\discord.js\src\structures\interfaces\InteractionResponses.js:103:5)
2023-01-17 18:07:47 [WARN] Failed to update message author entity in ticket archive
2023-01-17 18:07:47 [ERROR] Error
    at Database.<anonymous> (C:\Users\Manuel\Downloads\main\node_modules\sequelize\lib\dialects\sqlite\query.js:185:27)
    at C:\Users\Manuel\Downloads\main\node_modules\sequelize\lib\dialects\sqlite\query.js:183:50
    at new Promise (<anonymous>)
    at Query.run (C:\Users\Manuel\Downloads\main\node_modules\sequelize\lib\dialects\sqlite\query.js:183:12)
    at C:\Users\Manuel\Downloads\main\node_modules\sequelize\lib\sequelize.js:314:28
    at async SQLiteQueryInterface.insert (C:\Users\Manuel\Downloads\main\node_modules\sequelize\lib\dialects\abstract\query-interface.js:308:21)
    at async model.save (C:\Users\Manuel\Downloads\main\node_modules\sequelize\lib\model.js:2432:35)
    at async UserEntity.create (C:\Users\Manuel\Downloads\main\node_modules\sequelize\lib\model.js:1344:12)
    at async UserEntity.findOrCreate (C:\Users\Manuel\Downloads\main\node_modules\sequelize\lib\model.js:1404:25)
    at async TicketArchives.updateMember (C:\Users\Manuel\Downloads\main\src\modules\tickets\archives.js:127:20)
2023-01-17 18:10:33 [WARN] Failed to update message author entity in ticket archive
2023-01-17 18:10:33 [ERROR] Error
    at Database.<anonymous> (C:\Users\Manuel\Downloads\main\node_modules\sequelize\lib\dialects\sqlite\query.js:185:27)
    at C:\Users\Manuel\Downloads\main\node_modules\sequelize\lib\dialects\sqlite\query.js:183:50
    at new Promise (<anonymous>)
    at Query.run (C:\Users\Manuel\Downloads\main\node_modules\sequelize\lib\dialects\sqlite\query.js:183:12)
    at C:\Users\Manuel\Downloads\main\node_modules\sequelize\lib\sequelize.js:314:28
    at async SQLiteQueryInterface.insert (C:\Users\Manuel\Downloads\main\node_modules\sequelize\lib\dialects\abstract\query-interface.js:308:21)
    at async model.save (C:\Users\Manuel\Downloads\main\node_modules\sequelize\lib\model.js:2432:35)
    at async UserEntity.create (C:\Users\Manuel\Downloads\main\node_modules\sequelize\lib\model.js:1344:12)
    at async UserEntity.findOrCreate (C:\Users\Manuel\Downloads\main\node_modules\sequelize\lib\model.js:1404:25)
    at async TicketArchives.updateMember (C:\Users\Manuel\Downloads\main\src\modules\tickets\archives.js:127:20)
2023-01-17 18:14:05 [WARN] Failed to update message author entity in ticket archive
2023-01-17 18:14:05 [ERROR] Error
    at Database.<anonymous> (C:\Users\Manuel\Downloads\main\node_modules\sequelize\lib\dialects\sqlite\query.js:185:27)
    at C:\Users\Manuel\Downloads\main\node_modules\sequelize\lib\dialects\sqlite\query.js:183:50
    at new Promise (<anonymous>)
    at Query.run (C:\Users\Manuel\Downloads\main\node_modules\sequelize\lib\dialects\sqlite\query.js:183:12)
    at C:\Users\Manuel\Downloads\main\node_modules\sequelize\lib\sequelize.js:314:28
    at async SQLiteQueryInterface.insert (C:\Users\Manuel\Downloads\main\node_modules\sequelize\lib\dialects\abstract\query-interface.js:308:21)
    at async model.save (C:\Users\Manuel\Downloads\main\node_modules\sequelize\lib\model.js:2432:35)
    at async UserEntity.create (C:\Users\Manuel\Downloads\main\node_modules\sequelize\lib\model.js:1344:12)
    at async UserEntity.findOrCreate (C:\Users\Manuel\Downloads\main\node_modules\sequelize\lib\model.js:1404:25)
    at async TicketArchives.updateMember (C:\Users\Manuel\Downloads\main\src\modules\tickets\archives.js:127:20)
2023-01-17 18:14:30 [WARN] Failed to update message author entity in ticket archive
2023-01-17 18:14:30 [ERROR] Error
    at Database.<anonymous> (C:\Users\Manuel\Downloads\main\node_modules\sequelize\lib\dialects\sqlite\query.js:185:27)
    at C:\Users\Manuel\Downloads\main\node_modules\sequelize\lib\dialects\sqlite\query.js:183:50
    at new Promise (<anonymous>)
    at Query.run (C:\Users\Manuel\Downloads\main\node_modules\sequelize\lib\dialects\sqlite\query.js:183:12)
    at C:\Users\Manuel\Downloads\main\node_modules\sequelize\lib\sequelize.js:314:28
    at async SQLiteQueryInterface.insert (C:\Users\Manuel\Downloads\main\node_modules\sequelize\lib\dialects\abstract\query-interface.js:308:21)
    at async model.save (C:\Users\Manuel\Downloads\main\node_modules\sequelize\lib\model.js:2432:35)
    at async UserEntity.create (C:\Users\Manuel\Downloads\main\node_modules\sequelize\lib\model.js:1344:12)
    at async UserEntity.findOrCreate (C:\Users\Manuel\Downloads\main\node_modules\sequelize\lib\model.js:1404:25)
    at async TicketArchives.updateMember (C:\Users\Manuel\Downloads\main\src\modules\tickets\archives.js:127:20)
